2021-08-05 09:52:42 [background-preinit] INFO  o.h.validator.internal.util.Version - HV000001: Hibernate Validator 6.1.5.Final
2021-08-05 09:52:45 [main] INFO  c.m.demo.config.server.ConfigServer - No active profile set, falling back to default profiles: default
2021-08-05 09:52:47 [main] INFO  o.s.cloud.context.scope.GenericScope - BeanFactory id=2a519873-3bf9-3410-9240-bed5bf7485b8
2021-08-05 09:52:48 [main] INFO  o.s.b.w.e.tomcat.TomcatWebServer - Tomcat initialized with port(s): 8888 (http)
2021-08-05 09:52:48 [main] INFO  o.a.coyote.http11.Http11NioProtocol - Initializing ProtocolHandler ["http-nio-8888"]
2021-08-05 09:52:48 [main] INFO  o.a.catalina.core.StandardService - Starting service [Tomcat]
2021-08-05 09:52:48 [main] INFO  o.a.catalina.core.StandardEngine - Starting Servlet engine: [Apache Tomcat/9.0.38]
2021-08-05 09:52:49 [main] INFO  o.a.c.c.C.[Tomcat].[localhost].[/] - Initializing Spring embedded WebApplicationContext
2021-08-05 09:52:49 [main] INFO  o.s.b.w.s.c.ServletWebServerApplicationContext - Root WebApplicationContext: initialization completed in 3883 ms
2021-08-05 09:52:50 [main] INFO  o.s.s.c.ThreadPoolTaskExecutor - Initializing ExecutorService 'applicationTaskExecutor'
2021-08-05 09:53:00 [main] INFO  o.s.s.web.DefaultSecurityFilterChain - Creating filter chain: Ant [pattern='/actuator/**'], []
2021-08-05 09:53:00 [main] INFO  o.s.s.web.DefaultSecurityFilterChain - Creating filter chain: Ant [pattern='/encrypt/**'], []
2021-08-05 09:53:00 [main] INFO  o.s.s.web.DefaultSecurityFilterChain - Creating filter chain: Ant [pattern='/decrypt/**'], []
2021-08-05 09:53:00 [main] INFO  o.s.s.web.DefaultSecurityFilterChain - Creating filter chain: any request, [org.springframework.security.web.context.request.async.WebAsyncManagerIntegrationFilter@288409f0, org.springframework.security.web.context.SecurityContextPersistenceFilter@636fccb0, org.springframework.security.web.header.HeaderWriterFilter@22899683, org.springframework.security.web.csrf.CsrfFilter@70ee9d31, org.springframework.security.web.authentication.logout.LogoutFilter@42d174ad, org.springframework.security.web.authentication.UsernamePasswordAuthenticationFilter@4ffe3d42, org.springframework.security.web.authentication.ui.DefaultLoginPageGeneratingFilter@6dbbdf92, org.springframework.security.web.authentication.ui.DefaultLogoutPageGeneratingFilter@7d685f4e, org.springframework.security.web.authentication.www.BasicAuthenticationFilter@49e62b17, org.springframework.security.web.savedrequest.RequestCacheAwareFilter@15914bb5, org.springframework.security.web.servletapi.SecurityContextHolderAwareRequestFilter@7c4ca87c, org.springframework.security.web.authentication.AnonymousAuthenticationFilter@61eab26b, org.springframework.security.web.session.SessionManagementFilter@4fbe486c, org.springframework.security.web.access.ExceptionTranslationFilter@11c3ce6a, org.springframework.security.web.access.intercept.FilterSecurityInterceptor@75a9cc24]
2021-08-05 09:53:01 [main] INFO  o.s.b.a.e.web.EndpointLinksResolver - Exposing 2 endpoint(s) beneath base path '/actuator'
2021-08-05 09:53:01 [main] INFO  o.a.coyote.http11.Http11NioProtocol - Starting ProtocolHandler ["http-nio-8888"]
2021-08-05 09:53:02 [main] INFO  o.s.b.w.e.tomcat.TomcatWebServer - Tomcat started on port(s): 8888 (http) with context path ''
2021-08-05 09:53:03 [main] INFO  c.m.demo.config.server.ConfigServer - Started ConfigServer in 22.612 seconds (JVM running for 26.446)
2021-08-05 09:53:53 [http-nio-8888-exec-1] INFO  o.a.c.c.C.[Tomcat].[localhost].[/] - Initializing Spring DispatcherServlet 'dispatcherServlet'
2021-08-05 09:53:53 [http-nio-8888-exec-1] INFO  o.s.web.servlet.DispatcherServlet - Initializing Servlet 'dispatcherServlet'
2021-08-05 09:53:53 [http-nio-8888-exec-1] INFO  o.s.web.servlet.DispatcherServlet - Completed initialization in 11 ms
2021-08-05 09:53:53 [http-nio-8888-exec-1] WARN  o.a.c.util.SessionIdGeneratorBase - Creation of SecureRandom instance for session ID generation using [SHA1PRNG] took [104] milliseconds.
2021-08-05 09:53:56 [http-nio-8888-exec-1] INFO  o.s.c.c.s.e.NativeEnvironmentRepository - Adding property source: file:/C:/Windows/TEMP/config-repo-2486451217323049076/config-server-repository/config-client-twitter_to_kafka.yml
2021-08-05 09:53:56 [http-nio-8888-exec-1] INFO  o.s.c.c.s.e.NativeEnvironmentRepository - Adding property source: file:/C:/Windows/TEMP/config-repo-2486451217323049076/config-server-repository/config-client.yml
